2018-01-25 18:43:13,842 - INFO - Start parse http://I028.century21.com.tw.
2018-01-25 18:43:13,877 - INFO - There has 11 employees in 桃園南平加盟店.
2018-01-25 18:43:14,399 - INFO - Start parse http://N019.century21.com.tw.
2018-01-25 18:43:14,435 - INFO - There has 20 employees in 五甲瑞隆加盟店.
2018-01-25 18:43:15,166 - INFO - Start parse http://K069.century21.com.tw.
2018-01-25 18:43:15,198 - INFO - There has 20 employees in 台中七期河南加盟店.
2018-01-25 18:43:15,974 - INFO - Start parse http://N027.century21.com.tw.
2018-01-25 18:43:16,012 - INFO - There has 20 employees in 高雄仁武加盟店.
2018-01-25 18:43:16,974 - INFO - Start parse http://M010.century21.com.tw.
2018-01-25 18:43:17,014 - INFO - There has 16 employees in 善化南科加盟店.
2018-01-25 18:43:17,677 - INFO - Start parse http://N016.century21.com.tw.
2018-01-25 18:43:17,701 - INFO - There has 7 employees in 富農加盟店.
2018-01-25 18:43:18,082 - INFO - Start parse http://J302.century21.com.tw.
2018-01-25 18:43:18,102 - INFO - There has 8 employees in 三重三和加盟店.
2018-01-25 18:43:18,586 - INFO - Start parse http://I032.century21.com.tw.
2018-01-25 18:43:18,605 - INFO - There has 9 employees in 南崁忠孝加盟店.
2018-01-25 18:43:19,077 - INFO - Start parse http://H208.century21.com.tw.
2018-01-25 18:43:19,096 - INFO - There has 8 employees in 金門金城加盟店.
2018-01-25 18:43:19,562 - INFO - Start parse http://N063.century21.com.tw.
2018-01-25 18:43:19,585 - INFO - There has 13 employees in 花蓮慈濟加盟店.
2018-01-25 18:43:20,407 - INFO - Start parse http://M019.century21.com.tw.
2018-01-25 18:43:20,438 - INFO - There has 15 employees in 永康塩行加盟店.
2018-01-25 18:43:21,907 - INFO - Start parse http://J262.century21.com.tw.
2018-01-25 18:43:21,930 - INFO - There has 14 employees in 基隆中山加盟店.
2018-01-25 18:43:22,715 - INFO - Start parse http://J028.century21.com.tw.
2018-01-25 18:43:22,735 - INFO - There has 10 employees in 新莊幸福加盟店.
2018-01-25 18:43:23,340 - INFO - Start parse http://H193.century21.com.tw.
2018-01-25 18:43:23,369 - INFO - There has 20 employees in 台北承德加盟店.
2018-01-25 18:43:24,643 - INFO - Start parse http://N041.century21.com.tw.
2018-01-25 18:43:24,680 - INFO - There has 17 employees in 鳳頂鳳甲加盟店.
2018-01-25 18:43:25,750 - INFO - Start parse http://H154.century21.com.tw.
2018-01-25 18:43:25,789 - INFO - There has 11 employees in 大直美麗華加盟店.
2018-01-25 18:43:26,593 - INFO - Start parse http://I051.century21.com.tw.
2018-01-25 18:43:26,630 - INFO - There has 19 employees in 汎太台茂加盟店.
2018-01-25 18:43:27,434 - INFO - Start parse http://H044.century21.com.tw.
2018-01-25 18:43:27,462 - INFO - There has 20 employees in 台北龍江加盟店.
2018-01-25 18:43:28,196 - INFO - Start parse http://J278.century21.com.tw.
2018-01-25 18:43:28,209 - INFO - There has 0 employees in 新店安祥加盟店.
2018-01-25 18:43:28,316 - INFO - Start parse http://N084.century21.com.tw.
2018-01-25 18:43:28,339 - INFO - There has 10 employees in 岡山站前加盟店.
2018-01-25 18:43:28,817 - INFO - Start parse http://H044.century21.com.tw.
2018-01-25 18:43:28,856 - INFO - There has 20 employees in 台北龍江加盟店.
2018-01-25 18:43:29,280 - INFO - Start parse http://K077.century21.com.tw.
2018-01-25 18:43:29,304 - INFO - There has 10 employees in 南屯黎明加盟店.
2018-01-25 18:43:29,874 - INFO - Start parse http://M030.century21.com.tw.
2018-01-25 18:43:29,927 - INFO - There has 10 employees in 菁英永康加盟店.
2018-01-25 18:43:30,585 - INFO - Start parse http://J114.century21.com.tw.
2018-01-25 18:43:30,605 - INFO - There has 8 employees in 林口公園加盟店.
2018-01-25 18:43:31,051 - INFO - Start parse http://N073.century21.com.tw.
2018-01-25 18:43:31,105 - INFO - There has 20 employees in 花蓮大聯自強加盟店.
2018-01-25 18:43:32,106 - INFO - Start parse http://I064.century21.com.tw.
2018-01-25 18:43:32,147 - INFO - There has 12 employees in 新豐松林加盟店.
2018-01-25 18:43:32,893 - INFO - Start parse http://I072.century21.com.tw.
2018-01-25 18:43:32,917 - INFO - There has 18 employees in 汎太大有加盟店.
2018-01-25 18:43:33,595 - INFO - Start parse http://J279.century21.com.tw.
2018-01-25 18:43:33,611 - INFO - There has 9 employees in 新莊親水公園加盟店.
2018-01-25 18:43:34,104 - INFO - Start parse http://H224.century21.com.tw.
2018-01-25 18:43:34,118 - INFO - There has 6 employees in 金湖市港加盟店.
2018-01-25 18:43:34,490 - INFO - Start parse http://K069.century21.com.tw.
2018-01-25 18:43:34,514 - INFO - There has 20 employees in 台中七期河南加盟店.
2018-01-25 18:43:35,448 - INFO - Start parse http://I028.century21.com.tw.
2018-01-25 18:43:35,467 - INFO - There has 11 employees in 桃園南平加盟店.
2018-01-25 18:43:35,675 - INFO - Start parse http://H208.century21.com.tw.
2018-01-25 18:43:35,689 - INFO - There has 8 employees in 金門金城加盟店.
2018-01-25 18:43:35,916 - INFO - Start parse http://J241.century21.com.tw.
2018-01-25 18:43:35,939 - INFO - There has 14 employees in 土城捷運領袖加盟店.
2018-01-25 18:43:36,628 - INFO - Start parse http://J280.century21.com.tw.
2018-01-25 18:43:36,640 - INFO - There has 3 employees in 三重集賢重劃加盟店.
2018-01-25 18:43:36,951 - INFO - Start parse http://H138.century21.com.tw.
2018-01-25 18:43:36,983 - INFO - There has 20 employees in 內湖捷運碧湖加盟店.
2018-01-25 18:43:37,933 - INFO - Start parse http://H179.century21.com.tw.
2018-01-25 18:43:37,957 - INFO - There has 16 employees in 南京光復加盟店.
2018-01-25 18:43:38,924 - INFO - Start parse http://N052.century21.com.tw.
2018-01-25 18:43:38,940 - INFO - There has 13 employees in 岡山捷運加盟店.
2018-01-25 18:43:39,577 - INFO - Start parse http://N016.century21.com.tw.
2018-01-25 18:43:39,597 - INFO - There has 7 employees in 富農加盟店.
2018-01-25 18:43:39,765 - INFO - Start parse http://J278.century21.com.tw.
2018-01-25 18:43:39,779 - INFO - There has 0 employees in 新店安祥加盟店.
2018-01-25 18:43:39,869 - INFO - Start parse http://I012.century21.com.tw.
2018-01-25 18:43:39,894 - INFO - There has 10 employees in 中壢環中加盟店.
2018-01-25 18:43:40,445 - INFO - Start parse http://I096.century21.com.tw.
2018-01-25 18:43:40,465 - INFO - There has 10 employees in 青埔捷運加盟店.
2018-01-25 18:43:41,085 - INFO - Start parse http://J133.century21.com.tw.
2018-01-25 18:43:41,103 - INFO - There has 11 employees in 淡水加盟店.
2018-01-25 18:43:41,773 - INFO - Start parse http://M016.century21.com.tw.
2018-01-25 18:43:41,796 - INFO - There has 13 employees in 台南家樂加盟店.
2018-01-25 18:43:42,413 - INFO - Start parse http://I054.century21.com.tw.
2018-01-25 18:43:42,430 - INFO - There has 7 employees in 新竹三民加盟店.
2018-01-25 18:43:42,791 - INFO - Start parse http://J241.century21.com.tw.
2018-01-25 18:43:42,819 - INFO - There has 14 employees in 土城捷運領袖加盟店.
2018-01-25 18:43:43,023 - INFO - Start parse http://K074.century21.com.tw.
2018-01-25 18:43:43,041 - INFO - There has 9 employees in 南投大同加盟店.
2018-01-25 18:43:43,417 - INFO - Start parse http://I077.century21.com.tw.
2018-01-25 18:43:43,441 - INFO - There has 1 employees in 龜山萬壽加盟店.
2018-01-25 18:43:43,527 - INFO - Start parse http://I039.century21.com.tw.
2018-01-25 18:43:43,540 - INFO - There has 4 employees in 竹北高鐵加盟店.
2018-01-25 18:43:43,894 - INFO - Start parse http://K072.century21.com.tw.
2018-01-25 18:43:43,925 - INFO - There has 14 employees in 台中南區復興加盟店.
2018-01-25 18:43:44,547 - INFO - Start parse http://H219.century21.com.tw.
2018-01-25 18:43:44,564 - INFO - There has 4 employees in 信義計劃松勇加盟店.
2018-01-25 18:43:44,940 - INFO - Start parse http://H209.century21.com.tw.
2018-01-25 18:43:44,988 - INFO - There has 20 employees in 內湖四期加盟店.
2018-01-25 18:43:46,044 - INFO - Start parse http://N024.century21.com.tw.
2018-01-25 18:43:46,076 - INFO - There has 8 employees in 高雄建國加盟店.
2018-01-25 18:43:46,748 - INFO - Start parse http://J281.century21.com.tw.
2018-01-25 18:43:46,767 - INFO - There has 9 employees in 林口仁愛加盟店.
2018-01-25 18:43:47,303 - INFO - Start parse http://N065.century21.com.tw.
2018-01-25 18:43:47,320 - INFO - There has 7 employees in 屏東潮州加盟店.
2018-01-25 18:43:47,748 - INFO - Start parse http://J302.century21.com.tw.
2018-01-25 18:43:47,768 - INFO - There has 8 employees in 三重三和加盟店.
2018-01-25 18:43:47,986 - INFO - Start parse http://M021.century21.com.tw.
2018-01-25 18:43:48,005 - INFO - There has 4 employees in 虎尾全信福加盟店.
2018-01-25 18:43:48,171 - INFO - Start parse http://J278.century21.com.tw.
2018-01-25 18:43:48,185 - INFO - There has 0 employees in 新店安祥加盟店.
2018-01-25 18:43:48,232 - INFO - Start parse http://J280.century21.com.tw.
2018-01-25 18:43:48,246 - INFO - There has 3 employees in 三重集賢重劃加盟店.
2018-01-25 18:43:48,357 - INFO - Start parse http://I040.century21.com.tw.
2018-01-25 18:43:48,372 - INFO - There has 6 employees in 竹北台大加盟店.
2018-01-25 18:43:48,731 - INFO - Start parse http://H224.century21.com.tw.
2018-01-25 18:43:48,746 - INFO - There has 6 employees in 金湖市港加盟店.
2018-01-25 18:43:48,938 - INFO - Start parse http://K072.century21.com.tw.
2018-01-25 18:43:48,981 - INFO - There has 14 employees in 台中南區復興加盟店.
2018-01-25 18:43:49,433 - INFO - Start parse http://M032.century21.com.tw.
2018-01-25 18:43:49,510 - INFO - There has 11 employees in 虎尾文科加盟店.
2018-01-25 18:43:50,362 - INFO - Start parse http://J278.century21.com.tw.
2018-01-25 18:43:50,459 - INFO - There has 0 employees in 新店安祥加盟店.
2018-01-25 18:43:50,553 - INFO - Start parse http://N084.century21.com.tw.
2018-01-25 18:43:50,656 - INFO - There has 10 employees in 岡山站前加盟店.
2018-01-25 18:43:51,021 - INFO - Start parse http://J155.century21.com.tw.
2018-01-25 18:43:51,071 - INFO - There has 6 employees in 五股成泰加盟店.
2018-01-25 18:43:51,514 - INFO - Start parse http://H209.century21.com.tw.
2018-01-25 18:43:51,554 - INFO - There has 20 employees in 內湖四期加盟店.
2018-01-25 18:43:51,945 - INFO - Start parse http://H199.century21.com.tw.
2018-01-25 18:43:51,962 - INFO - There has 9 employees in 南港站前加盟店.
2018-01-25 18:43:52,464 - INFO - Start parse http://N060.century21.com.tw.
2018-01-25 18:43:52,487 - INFO - There has 17 employees in 花蓮中山加盟店.
2018-01-25 18:43:53,294 - INFO - Start parse http://J197.century21.com.tw.
2018-01-25 18:43:53,326 - INFO - There has 9 employees in 淡水竹圍加盟店.
2018-01-25 18:43:53,804 - INFO - Start parse http://J241.century21.com.tw.
2018-01-25 18:43:53,840 - INFO - There has 14 employees in 土城捷運領袖加盟店.
2018-01-25 18:43:54,217 - INFO - Start parse http://J282.century21.com.tw.
2018-01-25 18:43:54,247 - INFO - There has 11 employees in 三重領袖加盟店.
2018-01-25 18:43:54,877 - INFO - Start parse http://I064.century21.com.tw.
2018-01-25 18:43:54,972 - INFO - There has 12 employees in 新豐松林加盟店.
2018-01-25 18:43:55,361 - INFO - Start parse http://H079.century21.com.tw.
2018-01-25 18:43:55,392 - INFO - There has 20 employees in 信義101加盟店.
2018-01-25 18:43:56,121 - INFO - Start parse http://J160.century21.com.tw.
2018-01-25 18:43:56,138 - INFO - There has 6 employees in 淡水沙崙加盟店.
2018-01-25 18:43:57,156 - INFO - Start parse http://I038.century21.com.tw.
2018-01-25 18:43:57,234 - INFO - There has 18 employees in 中壢信義加盟店.
2018-01-25 18:43:58,493 - INFO - Start parse http://H166.century21.com.tw.
2018-01-25 18:43:58,511 - INFO - There has 11 employees in 南港重劃區加盟店.
2018-01-25 18:43:58,959 - INFO - Start parse http://J188.century21.com.tw.
2018-01-25 18:43:59,006 - INFO - There has 8 employees in 新莊副都心中原加盟店.
2018-01-25 18:43:59,535 - INFO - Start parse http://J266.century21.com.tw.
2018-01-25 18:43:59,558 - INFO - There has 9 employees in 北大佳園加盟店.
2018-01-25 18:43:59,921 - INFO - Start parse http://K005.century21.com.tw.
2018-01-25 18:43:59,942 - INFO - There has 8 employees in 台中八期加盟店.
2018-01-25 18:44:00,246 - INFO - Start parse http://I085.century21.com.tw.
2018-01-25 18:44:00,272 - INFO - There has 6 employees in 中壢民權加盟店.
2018-01-25 18:44:00,721 - INFO - Start parse http://N063.century21.com.tw.
2018-01-25 18:44:00,745 - INFO - There has 13 employees in 花蓮慈濟加盟店.
2018-01-25 18:44:01,016 - INFO - Start parse http://N052.century21.com.tw.
2018-01-25 18:44:01,033 - INFO - There has 13 employees in 岡山捷運加盟店.
2018-01-25 18:44:01,374 - INFO - Start parse http://J133.century21.com.tw.
2018-01-25 18:44:01,398 - INFO - There has 11 employees in 淡水加盟店.
2018-01-25 18:44:01,571 - INFO - Start parse http://M030.century21.com.tw.
2018-01-25 18:44:01,595 - INFO - There has 10 employees in 菁英永康加盟店.
2018-01-25 18:44:01,800 - INFO - Start parse http://I077.century21.com.tw.
2018-01-25 18:44:01,814 - INFO - There has 1 employees in 龜山萬壽加盟店.
2018-01-25 18:44:01,952 - INFO - Start parse http://H209.century21.com.tw.
2018-01-25 18:44:01,981 - INFO - There has 20 employees in 內湖四期加盟店.
2018-01-25 18:44:02,344 - INFO - Start parse http://J314.century21.com.tw.
2018-01-25 18:44:02,363 - INFO - There has 11 employees in 蘆洲展宸光明加盟店.
2018-01-25 18:44:02,882 - INFO - Start parse http://J282.century21.com.tw.
2018-01-25 18:44:02,904 - INFO - There has 11 employees in 三重領袖加盟店.
2018-01-25 18:44:03,094 - INFO - Start parse http://I040.century21.com.tw.
2018-01-25 18:44:03,112 - INFO - There has 6 employees in 竹北台大加盟店.
2018-01-25 18:44:03,326 - INFO - Start parse http://I086.century21.com.tw.
2018-01-25 18:44:03,372 - INFO - There has 17 employees in 苗栗縣府加盟店.
2018-01-25 18:44:04,197 - INFO - Start parse http://K014.century21.com.tw.
2018-01-25 18:44:04,219 - INFO - There has 14 employees in 台中十期加盟店.
2018-01-25 18:44:04,848 - INFO - Start parse http://H224.century21.com.tw.
2018-01-25 18:44:04,865 - INFO - There has 6 employees in 金湖市港加盟店.
2018-01-25 18:44:05,189 - INFO - Start parse http://J188.century21.com.tw.
2018-01-25 18:44:05,222 - INFO - There has 8 employees in 新莊副都心中原加盟店.
2018-01-25 18:44:05,443 - INFO - Start parse http://N016.century21.com.tw.
2018-01-25 18:44:05,469 - INFO - There has 7 employees in 富農加盟店.
2018-01-25 18:44:05,606 - INFO - Start parse http://J300.century21.com.tw.
2018-01-25 18:44:05,620 - INFO - There has 5 employees in 基隆仁愛加盟店.
2018-01-25 18:44:05,903 - INFO - Start parse http://H182.century21.com.tw.
2018-01-25 18:44:05,937 - INFO - There has 20 employees in 仁愛加盟店.
2018-01-25 18:44:06,898 - INFO - Start parse http://J279.century21.com.tw.
2018-01-25 18:44:06,933 - INFO - There has 9 employees in 新莊親水公園加盟店.
2018-01-25 18:44:07,214 - INFO - Start parse http://H199.century21.com.tw.
2018-01-25 18:44:07,254 - INFO - There has 9 employees in 南港站前加盟店.
2018-01-25 18:44:07,460 - INFO - Start parse http://M032.century21.com.tw.
2018-01-25 18:44:07,478 - INFO - There has 11 employees in 虎尾文科加盟店.
2018-01-25 18:44:07,743 - INFO - Start parse http://H225.century21.com.tw.
2018-01-25 18:44:07,761 - INFO - There has 6 employees in 南港經貿加盟店.
2018-01-25 18:44:08,045 - INFO - Start parse http://I080.century21.com.tw.
2018-01-25 18:44:08,076 - INFO - There has 17 employees in 龍潭大昌加盟店.
2018-01-25 18:44:08,863 - INFO - Start parse http://J303.century21.com.tw.
2018-01-25 18:44:08,878 - INFO - There has 4 employees in 泰山十八甲加盟店.
2018-01-25 18:44:09,097 - INFO - Start parse http://K015.century21.com.tw.
2018-01-25 18:44:09,121 - INFO - There has 16 employees in 七期惠中加盟店.
2018-01-25 18:44:10,014 - INFO - Start parse http://K110.century21.com.tw.
2018-01-25 18:44:10,038 - INFO - There has 12 employees in 台中中科加盟店.
2018-01-25 18:44:10,779 - INFO - Start parse http://I115.century21.com.tw.
2018-01-25 18:44:10,801 - INFO - There has 12 employees in 楊梅中山加盟店.
2018-01-25 18:44:11,527 - INFO - Start parse http://N070.century21.com.tw.
2018-01-25 18:44:11,556 - INFO - There has 18 employees in 花蓮商校加盟店.
2018-01-25 18:44:12,394 - INFO - Start parse http://H153.century21.com.tw.
2018-01-25 18:44:12,407 - INFO - There has 3 employees in 大安信義加盟店.
2018-01-25 18:44:12,585 - INFO - Start parse http://J307.century21.com.tw.
2018-01-25 18:44:12,606 - INFO - There has 12 employees in 永和頂溪加盟店.
2018-01-25 18:44:13,161 - INFO - Start parse http://M028.century21.com.tw.
2018-01-25 18:44:13,216 - INFO - There has 14 employees in 台南東寧加盟店.
2018-01-25 18:44:14,005 - INFO - Start parse http://J313.century21.com.tw.
2018-01-25 18:44:14,020 - INFO - There has 9 employees in 宜蘭公園加盟店.
2018-01-25 18:44:14,746 - INFO - Start parse http://N080.century21.com.tw.
2018-01-25 18:44:14,771 - INFO - There has 20 employees in 花蓮六期加盟店.
2018-01-25 18:44:15,680 - INFO - Start parse http://K111.century21.com.tw.
2018-01-25 18:44:15,697 - INFO - There has 6 employees in 中科福康加盟店.
2018-01-25 18:44:16,241 - INFO - Start parse http://H241.century21.com.tw.
2018-01-25 18:44:16,260 - INFO - There has 4 employees in 台北南門加盟店.
2018-01-25 18:44:16,459 - INFO - Start parse http://I107.century21.com.tw.
2018-01-25 18:44:16,484 - INFO - There has 20 employees in 青埔棒球場加盟店.
2018-01-25 18:44:17,322 - INFO - Start parse http://J306.century21.com.tw.
2018-01-25 18:44:17,348 - INFO - There has 20 employees in 林口三井加盟店.
2018-01-25 18:44:18,300 - INFO - Start parse http://J312.century21.com.tw.
2018-01-25 18:44:18,314 - INFO - There has 6 employees in 羅東興東加盟店.
2018-01-25 18:44:18,630 - INFO - Start parse http://H223.century21.com.tw.
2018-01-25 18:44:18,657 - INFO - There has 20 employees in 天母三越加盟店.
2018-01-25 18:44:19,503 - INFO - Start parse http://J323.century21.com.tw.
2018-01-25 18:44:19,515 - INFO - There has 4 employees in 淡金加盟店.
2018-01-25 18:44:19,728 - INFO - Start parse http://J315.century21.com.tw.
2018-01-25 18:44:19,743 - INFO - There has 8 employees in 羅東光榮加盟店.
2018-01-25 18:44:20,093 - INFO - Start parse http://I088.century21.com.tw.
2018-01-25 18:44:20,118 - INFO - There has 20 employees in 中壢中原加盟店.
2018-01-25 18:44:20,906 - INFO - Start parse http://J310.century21.com.tw.
2018-01-25 18:44:20,928 - INFO - There has 9 employees in 板橋民生捷運加盟店.
2018-01-25 18:44:21,354 - INFO - Start parse http://J323.century21.com.tw.
2018-01-25 18:44:21,368 - INFO - There has 4 employees in 淡金加盟店.
2018-01-25 18:44:21,493 - INFO - Start parse http://I080.century21.com.tw.
2018-01-25 18:44:21,519 - INFO - There has 17 employees in 龍潭大昌加盟店.
2018-01-25 18:44:21,818 - INFO - Start parse http://J307.century21.com.tw.
2018-01-25 18:44:21,841 - INFO - There has 12 employees in 永和頂溪加盟店.
2018-01-25 18:44:22,222 - INFO - Start parse http://H225.century21.com.tw.
2018-01-25 18:44:22,243 - INFO - There has 6 employees in 南港經貿加盟店.
2018-01-25 18:44:22,436 - INFO - Start parse http://N081.century21.com.tw.
2018-01-25 18:44:22,463 - INFO - There has 9 employees in 楠梓都會公園加盟店.
2018-01-25 18:44:22,890 - INFO - Start parse http://I115.century21.com.tw.
2018-01-25 18:44:22,912 - INFO - There has 12 employees in 楊梅中山加盟店.
2018-01-25 18:44:23,110 - INFO - Start parse http://J316.century21.com.tw.
2018-01-25 18:44:23,129 - INFO - There has 9 employees in 礁溪加盟店.
2018-01-25 18:44:23,674 - INFO - Start parse http://J309.century21.com.tw.
2018-01-25 18:44:23,690 - INFO - There has 10 employees in 基隆新豐加盟店.
2018-01-25 18:44:24,200 - INFO - Start parse http://K038.century21.com.tw.
2018-01-25 18:44:24,217 - INFO - There has 6 employees in 鹿港中正加盟店.
2018-01-25 18:44:24,541 - INFO - Start parse http://N070.century21.com.tw.
2018-01-25 18:44:24,573 - INFO - There has 18 employees in 花蓮商校加盟店.
2018-01-25 18:44:25,000 - INFO - Start parse http://J313.century21.com.tw.
2018-01-25 18:44:25,016 - INFO - There has 9 employees in 宜蘭公園加盟店.
2018-01-25 18:44:25,202 - INFO - Start parse http://N067.century21.com.tw.
2018-01-25 18:44:25,226 - INFO - There has 13 employees in 花蓮中華加盟店.
2018-01-25 18:44:25,932 - INFO - Start parse http://N080.century21.com.tw.
2018-01-25 18:44:25,971 - INFO - There has 20 employees in 花蓮六期加盟店.
2018-01-25 18:44:26,437 - INFO - Start parse http://N075.century21.com.tw.
2018-01-25 18:44:26,467 - INFO - There has 20 employees in 高雄大學加盟店.
2018-01-25 18:44:27,498 - INFO - Start parse http://K065.century21.com.tw.
2018-01-25 18:44:27,511 - INFO - There has 6 employees in 七期朝富加盟店.
2018-01-25 18:44:27,914 - INFO - Start parse http://H244.century21.com.tw.
2018-01-25 18:44:27,941 - INFO - There has 20 employees in 天母克強加盟店.
2018-01-25 18:44:28,850 - INFO - Start parse http://M035.century21.com.tw.
2018-01-25 18:44:28,867 - INFO - There has 11 employees in 成大林森加盟店.
2018-01-25 18:44:29,243 - INFO - Start parse http://J306.century21.com.tw.
2018-01-25 18:44:29,267 - INFO - There has 20 employees in 林口三井加盟店.
2018-01-25 18:44:29,584 - INFO - Start parse http://J318.century21.com.tw.
2018-01-25 18:44:29,602 - INFO - There has 10 employees in 宜蘭文化加盟店.
2018-01-25 18:44:29,969 - INFO - Start parse http://H156.century21.com.tw.
2018-01-25 18:44:29,979 - INFO - There has 0 employees in 天母芝山加盟店.
2018-01-25 18:44:30,094 - INFO - Start parse http://I110.century21.com.tw.
2018-01-25 18:44:30,116 - INFO - There has 11 employees in 中大壢中加盟店.
2018-01-25 18:44:30,732 - INFO - Start parse http://I095.century21.com.tw.
2018-01-25 18:44:30,746 - INFO - There has 7 employees in 新竹食品加盟店.
2018-01-25 18:44:31,128 - INFO - Start parse http://J309.century21.com.tw.
2018-01-25 18:44:31,161 - INFO - There has 10 employees in 基隆新豐加盟店.
2018-01-25 18:44:31,594 - INFO - Start parse http://K015.century21.com.tw.
2018-01-25 18:44:31,618 - INFO - There has 16 employees in 七期惠中加盟店.
2018-01-25 18:44:31,993 - INFO - Start parse http://K065.century21.com.tw.
2018-01-25 18:44:32,007 - INFO - There has 6 employees in 七期朝富加盟店.
2018-01-25 18:44:32,213 - INFO - Start parse http://K116.century21.com.tw.
2018-01-25 18:44:32,231 - INFO - There has 10 employees in 霧峰大同加盟店.
2018-01-25 18:44:32,789 - INFO - Start parse http://N070.century21.com.tw.
2018-01-25 18:44:32,818 - INFO - There has 18 employees in 花蓮商校加盟店.
2018-01-25 18:44:33,132 - INFO - Start parse http://N078.century21.com.tw.
2018-01-25 18:44:33,144 - INFO - There has 5 employees in 屏東復興加盟店.
2018-01-25 18:44:33,513 - INFO - Start parse http://K106.century21.com.tw.
2018-01-25 18:44:33,533 - INFO - There has 12 employees in 太平樹孝加盟店.
2018-01-25 18:44:34,247 - INFO - Start parse http://I098.century21.com.tw.
2018-01-25 18:44:34,265 - INFO - There has 10 employees in 新竹龍山國小加盟店.
2018-01-25 18:44:35,108 - INFO - Start parse http://M039.century21.com.tw.
2018-01-25 18:44:35,126 - INFO - There has 7 employees in 德高國小加盟店.
2018-01-25 18:44:35,591 - INFO - Start parse http://K095.century21.com.tw.
2018-01-25 18:44:35,652 - INFO - There has 20 employees in 逢甲福星加盟店.
2018-01-25 18:44:37,032 - INFO - Start parse http://K104.century21.com.tw.
2018-01-25 18:44:37,049 - INFO - There has 7 employees in 員林莒光加盟店.
2018-01-25 18:44:37,480 - INFO - Start parse http://H233.century21.com.tw.
2018-01-25 18:44:37,501 - INFO - There has 16 employees in 內湖捷運成功加盟店.
2018-01-25 18:44:38,457 - INFO - Start parse http://J308.century21.com.tw.
2018-01-25 18:44:38,474 - INFO - There has 10 employees in 基隆七堵加盟店.
2018-01-25 18:44:39,017 - INFO - Start parse http://K112.century21.com.tw.
2018-01-25 18:44:39,027 - INFO - There has 1 employees in 彰化溪湖加盟店.
2018-01-25 18:44:39,176 - INFO - Start parse http://M027.century21.com.tw.
2018-01-25 18:44:39,224 - INFO - There has 8 employees in 五福安中加盟店.
2018-01-25 18:44:39,991 - INFO - Start parse http://J299.century21.com.tw.
2018-01-25 18:44:40,045 - INFO - There has 10 employees in 新莊幸福加盟店.
2018-01-25 18:44:40,643 - INFO - Start parse http://M036.century21.com.tw.
2018-01-25 18:44:40,657 - INFO - There has 2 employees in 虎尾虎中加盟店.
2018-01-25 18:44:40,906 - INFO - Start parse http://I098.century21.com.tw.
2018-01-25 18:44:40,937 - INFO - There has 10 employees in 新竹龍山國小加盟店.
2018-01-25 18:44:41,293 - INFO - Start parse http://I116.century21.com.tw.
2018-01-25 18:44:41,328 - INFO - There has 3 employees in 八德金和加盟店.
2018-01-25 18:44:41,641 - INFO - Start parse http://K112.century21.com.tw.
2018-01-25 18:44:41,660 - INFO - There has 1 employees in 彰化溪湖加盟店.
2018-01-25 18:44:41,806 - INFO - Start parse http://M027.century21.com.tw.
2018-01-25 18:44:41,832 - INFO - There has 8 employees in 五福安中加盟店.
2018-01-25 18:44:42,330 - INFO - Start parse http://H233.century21.com.tw.
2018-01-25 18:44:42,396 - INFO - There has 16 employees in 內湖捷運成功加盟店.
2018-01-25 18:44:42,969 - INFO - Start parse http://H240.century21.com.tw.
2018-01-25 18:44:43,047 - INFO - There has 2 employees in 中正衡陽加盟店.
2018-01-25 18:44:43,351 - INFO - Start parse http://K091.century21.com.tw.
2018-01-25 18:44:43,370 - INFO - There has 4 employees in 金馬林森加盟店.
2018-01-25 18:44:43,838 - INFO - Start parse http://M040.century21.com.tw.
2018-01-25 18:44:43,849 - INFO - There has 3 employees in 東門文化加盟店.
2018-01-25 18:44:44,042 - INFO - Start parse http://H243.century21.com.tw.
2018-01-25 18:44:44,062 - INFO - There has 5 employees in 內湖明湖加盟店.
2018-01-25 18:44:44,450 - INFO - Start parse http://K115.century21.com.tw.
2018-01-25 18:44:44,482 - INFO - There has 20 employees in 河南福星加盟店.
2018-01-25 18:44:45,401 - INFO - Start parse http://N078.century21.com.tw.
2018-01-25 18:44:45,414 - INFO - There has 5 employees in 屏東復興加盟店.
2018-01-25 18:44:45,532 - INFO - Start parse http://J304.century21.com.tw.
2018-01-25 18:44:45,549 - INFO - There has 7 employees in 基隆深溪加盟店.
2018-01-25 18:44:45,885 - INFO - Start parse http://J223.century21.com.tw.
2018-01-25 18:44:45,910 - INFO - There has 20 employees in 板橋特區加盟店.
2018-01-25 18:44:46,641 - INFO - Start parse http://K114.century21.com.tw.
2018-01-25 18:44:46,654 - INFO - There has 2 employees in 市政華盛頓加盟店.
2018-01-25 18:44:46,810 - INFO - Start parse http://K109.century21.com.tw.
2018-01-25 18:44:46,848 - INFO - There has 12 employees in 太平樹德加盟店.
2018-01-25 18:44:47,385 - INFO - Start parse http://M038.century21.com.tw.
2018-01-25 18:44:47,400 - INFO - There has 5 employees in 嘉義世賢加盟店.
2018-01-25 18:44:47,760 - INFO - Start parse http://N064.century21.com.tw.
2018-01-25 18:44:47,783 - INFO - There has 16 employees in 台東傳廣加盟店.
2018-01-25 18:44:48,501 - INFO - Start parse http://K104.century21.com.tw.
2018-01-25 18:44:48,516 - INFO - There has 7 employees in 員林莒光加盟店.
2018-01-25 18:52:56,348 - INFO - Start parse http://I040.century21.com.tw.
2018-01-25 18:52:56,377 - INFO - There has 6 employees in 竹北台大加盟店.
2018-01-25 19:07:58,100 - INFO - Start parse http://I078.century21.com.tw.
2018-01-25 19:07:58,133 - INFO - There has 20 employees in 湖口工業區加盟店.
2018-01-25 19:07:59,060 - INFO - Start parse http://I096.century21.com.tw.
2018-01-25 19:07:59,079 - INFO - There has 10 employees in 青埔捷運加盟店.
2018-01-25 19:07:59,515 - INFO - Start parse http://K075.century21.com.tw.
2018-01-25 19:07:59,532 - INFO - There has 8 employees in 北屯太原加盟店.
2018-01-25 19:08:00,028 - INFO - Start parse http://M009.century21.com.tw.
2018-01-25 19:08:00,051 - INFO - There has 11 employees in 台南大學加盟店.
2018-01-25 19:08:01,039 - INFO - Start parse http://N065.century21.com.tw.
2018-01-25 19:08:01,055 - INFO - There has 7 employees in 屏東潮州加盟店.
2018-01-25 19:08:01,422 - INFO - Start parse http://I079.century21.com.tw.
2018-01-25 19:08:01,436 - INFO - There has 3 employees in 內壢文化加盟店.
2018-01-25 19:08:01,832 - INFO - Start parse http://H138.century21.com.tw.
2018-01-25 19:08:01,857 - INFO - There has 20 employees in 內湖捷運碧湖加盟店.
2018-01-25 19:08:02,994 - INFO - Start parse http://K072.century21.com.tw.
2018-01-25 19:08:03,022 - INFO - There has 14 employees in 台中南區復興加盟店.
2018-01-25 19:08:03,982 - INFO - Start parse http://J028.century21.com.tw.
2018-01-25 19:08:04,013 - INFO - There has 10 employees in 新莊幸福加盟店.
2018-01-25 19:08:04,679 - INFO - Start parse http://J133.century21.com.tw.
2018-01-25 19:08:04,698 - INFO - There has 11 employees in 淡水加盟店.
2018-01-25 19:08:05,424 - INFO - Start parse http://I066.century21.com.tw.
2018-01-25 19:08:05,444 - INFO - There has 14 employees in 桃園大興加盟店.
2018-01-25 19:08:06,547 - INFO - Start parse http://H209.century21.com.tw.
2018-01-25 19:08:06,573 - INFO - There has 20 employees in 內湖四期加盟店.
2018-01-25 19:08:07,474 - INFO - Start parse http://J178.century21.com.tw.
2018-01-25 19:08:07,501 - INFO - There has 19 employees in 新莊中原加盟店.
2018-01-25 19:08:08,319 - INFO - Start parse http://K089.century21.com.tw.
2018-01-25 19:08:08,359 - INFO - There has 20 employees in 草屯大同加盟店.
2018-01-25 19:08:09,385 - INFO - Start parse http://J297.century21.com.tw.
2018-01-25 19:08:09,415 - INFO - There has 20 employees in 基隆信義加盟店.
2018-01-25 19:08:10,383 - INFO - Start parse http://J147.century21.com.tw.
2018-01-25 19:08:10,414 - INFO - There has 20 employees in 捷運永安加盟店.
2018-01-25 19:08:11,408 - INFO - Start parse http://J262.century21.com.tw.
2018-01-25 19:08:11,430 - INFO - There has 14 employees in 基隆中山加盟店.
2018-01-25 19:08:12,094 - INFO - Start parse http://K079.century21.com.tw.
2018-01-25 19:08:12,119 - INFO - There has 13 employees in 青海家樂福加盟店.
2018-01-25 19:08:12,869 - INFO - Start parse http://J302.century21.com.tw.
2018-01-25 19:08:12,885 - INFO - There has 8 employees in 三重三和加盟店.
2018-01-25 19:08:13,607 - INFO - Start parse http://I070.century21.com.tw.
2018-01-25 19:08:13,626 - INFO - There has 8 employees in 湖口成功加盟店.
2018-01-25 19:08:14,403 - INFO - Start parse http://J265.century21.com.tw.
2018-01-25 19:08:14,452 - INFO - There has 15 employees in 土城金城加盟店.
2018-01-25 19:08:15,309 - INFO - Start parse http://N065.century21.com.tw.
2018-01-25 19:08:15,326 - INFO - There has 7 employees in 屏東潮州加盟店.
2018-01-25 19:08:15,456 - INFO - Start parse http://K096.century21.com.tw.
2018-01-25 19:08:15,473 - INFO - There has 6 employees in 彰化和美彰美加盟店.
2018-01-25 19:08:15,826 - INFO - Start parse http://H193.century21.com.tw.
2018-01-25 19:08:15,854 - INFO - There has 20 employees in 台北承德加盟店.
2018-01-25 19:08:16,725 - INFO - Start parse http://I064.century21.com.tw.
2018-01-25 19:08:16,748 - INFO - There has 12 employees in 新豐松林加盟店.
2018-01-25 19:08:17,363 - INFO - Start parse http://J160.century21.com.tw.
2018-01-25 19:08:17,380 - INFO - There has 6 employees in 淡水沙崙加盟店.
2018-01-25 19:08:17,598 - INFO - Start parse http://N072.century21.com.tw.
2018-01-25 19:08:17,612 - INFO - There has 6 employees in 楠梓台糖加盟店.
2018-01-25 19:08:17,934 - INFO - Start parse http://H138.century21.com.tw.
2018-01-25 19:08:17,965 - INFO - There has 20 employees in 內湖捷運碧湖加盟店.
2018-01-25 19:08:18,356 - INFO - Start parse http://J155.century21.com.tw.
2018-01-25 19:08:18,376 - INFO - There has 6 employees in 五股成泰加盟店.
2018-01-25 19:08:18,671 - INFO - Start parse http://J236.century21.com.tw.
2018-01-25 19:08:18,689 - INFO - There has 8 employees in 仁愛公園加盟店.
2018-01-25 19:08:19,381 - INFO - Start parse http://I054.century21.com.tw.
2018-01-25 19:08:19,401 - INFO - There has 7 employees in 新竹三民加盟店.
2018-01-25 19:08:19,907 - INFO - Start parse http://N041.century21.com.tw.
2018-01-25 19:08:19,931 - INFO - There has 17 employees in 鳳頂鳳甲加盟店.
2018-01-25 19:08:20,852 - INFO - Start parse http://J279.century21.com.tw.
2018-01-25 19:08:20,872 - INFO - There has 9 employees in 新莊親水公園加盟店.
2018-01-25 19:08:21,637 - INFO - Start parse http://I072.century21.com.tw.
2018-01-25 19:08:21,665 - INFO - There has 18 employees in 汎太大有加盟店.
2018-01-25 19:08:22,902 - INFO - Start parse http://H199.century21.com.tw.
2018-01-25 19:08:22,923 - INFO - There has 9 employees in 南港站前加盟店.
2018-01-25 19:08:23,587 - INFO - Start parse http://I086.century21.com.tw.
2018-01-25 19:08:23,615 - INFO - There has 17 employees in 苗栗縣府加盟店.
2018-01-25 19:08:24,518 - INFO - Start parse http://N027.century21.com.tw.
2018-01-25 19:08:24,540 - INFO - There has 20 employees in 高雄仁武加盟店.
2018-01-25 19:08:25,656 - INFO - Start parse http://M016.century21.com.tw.
2018-01-25 19:08:25,678 - INFO - There has 13 employees in 台南家樂加盟店.
2018-01-25 19:08:26,382 - INFO - Start parse http://M010.century21.com.tw.
2018-01-25 19:08:26,405 - INFO - There has 16 employees in 善化南科加盟店.
2018-01-25 19:08:27,123 - INFO - Start parse http://K079.century21.com.tw.
2018-01-25 19:08:27,149 - INFO - There has 13 employees in 青海家樂福加盟店.
2018-01-25 19:08:27,426 - INFO - Start parse http://M010.century21.com.tw.
2018-01-25 19:08:27,447 - INFO - There has 16 employees in 善化南科加盟店.
2018-01-25 19:08:27,719 - INFO - Start parse http://J114.century21.com.tw.
2018-01-25 19:08:27,737 - INFO - There has 8 employees in 林口公園加盟店.
2018-01-25 19:08:28,661 - INFO - Start parse http://J297.century21.com.tw.
2018-01-25 19:08:28,687 - INFO - There has 20 employees in 基隆信義加盟店.
2018-01-25 19:08:29,201 - INFO - Start parse http://J147.century21.com.tw.
2018-01-25 19:08:29,240 - INFO - There has 20 employees in 捷運永安加盟店.
2018-01-25 19:08:29,597 - INFO - Start parse http://I039.century21.com.tw.
2018-01-25 19:08:29,610 - INFO - There has 4 employees in 竹北高鐵加盟店.
2018-01-25 19:08:29,884 - INFO - Start parse http://N063.century21.com.tw.
2018-01-25 19:08:29,907 - INFO - There has 13 employees in 花蓮慈濟加盟店.
2018-01-25 19:08:30,466 - INFO - Start parse http://I070.century21.com.tw.
2018-01-25 19:08:30,486 - INFO - There has 8 employees in 湖口成功加盟店.
2018-01-25 19:08:30,838 - INFO - Start parse http://K089.century21.com.tw.
2018-01-25 19:08:30,868 - INFO - There has 20 employees in 草屯大同加盟店.
2018-01-25 19:08:31,331 - INFO - Start parse http://H208.century21.com.tw.
2018-01-25 19:08:31,352 - INFO - There has 8 employees in 金門金城加盟店.
2018-01-25 19:08:31,686 - INFO - Start parse http://J280.century21.com.tw.
2018-01-25 19:08:31,698 - INFO - There has 3 employees in 三重集賢重劃加盟店.
2018-01-25 19:08:31,933 - INFO - Start parse http://I096.century21.com.tw.
2018-01-25 19:08:31,954 - INFO - There has 10 employees in 青埔捷運加盟店.
2018-01-25 19:08:32,236 - INFO - Start parse http://I079.century21.com.tw.
2018-01-25 19:08:32,252 - INFO - There has 3 employees in 內壢文化加盟店.
2018-01-25 19:08:32,345 - INFO - Start parse http://K075.century21.com.tw.
2018-01-25 19:08:32,360 - INFO - There has 8 employees in 北屯太原加盟店.
2018-01-25 19:08:32,626 - INFO - Start parse http://K096.century21.com.tw.
2018-01-25 19:08:32,643 - INFO - There has 6 employees in 彰化和美彰美加盟店.
2018-01-25 19:08:32,852 - INFO - Start parse http://I031.century21.com.tw.
2018-01-25 19:08:32,892 - INFO - There has 20 employees in 汎太經國加盟店.
2018-01-25 19:08:33,685 - INFO - Start parse http://I054.century21.com.tw.
2018-01-25 19:08:33,703 - INFO - There has 7 employees in 新竹三民加盟店.
2018-01-25 19:08:33,923 - INFO - Start parse http://K005.century21.com.tw.
2018-01-25 19:08:33,940 - INFO - There has 8 employees in 台中八期加盟店.
2018-01-25 19:08:34,303 - INFO - Start parse http://H199.century21.com.tw.
2018-01-25 19:08:34,337 - INFO - There has 9 employees in 南港站前加盟店.
2018-01-25 19:08:34,582 - INFO - Start parse http://J262.century21.com.tw.
2018-01-25 19:08:34,606 - INFO - There has 14 employees in 基隆中山加盟店.
2018-01-25 19:08:35,018 - INFO - Start parse http://M001.century21.com.tw.
2018-01-25 19:08:35,044 - INFO - There has 13 employees in 台南崇善加盟店.
2018-01-25 19:08:35,710 - INFO - Start parse http://M020.century21.com.tw.
2018-01-25 19:08:35,731 - INFO - There has 10 employees in 虎尾博愛加盟店.
2018-01-25 19:08:36,315 - INFO - Start parse http://J114.century21.com.tw.
2018-01-25 19:08:36,333 - INFO - There has 8 employees in 林口公園加盟店.
2018-01-25 19:08:36,768 - INFO - Start parse http://N024.century21.com.tw.
2018-01-25 19:08:36,792 - INFO - There has 8 employees in 高雄建國加盟店.
2018-01-25 19:08:37,311 - INFO - Start parse http://M010.century21.com.tw.
2018-01-25 19:08:37,335 - INFO - There has 16 employees in 善化南科加盟店.
2018-01-25 19:08:37,554 - INFO - Start parse http://N016.century21.com.tw.
2018-01-25 19:08:37,571 - INFO - There has 7 employees in 富農加盟店.
2018-01-25 19:08:38,061 - INFO - Start parse http://M032.century21.com.tw.
2018-01-25 19:08:38,077 - INFO - There has 11 employees in 虎尾文科加盟店.
2018-01-25 19:08:38,718 - INFO - Start parse http://J281.century21.com.tw.
2018-01-25 19:08:38,736 - INFO - There has 9 employees in 林口仁愛加盟店.
2018-01-25 19:08:39,164 - INFO - Start parse http://N027.century21.com.tw.
2018-01-25 19:08:39,190 - INFO - There has 20 employees in 高雄仁武加盟店.
2018-01-25 19:08:39,611 - INFO - Start parse http://I070.century21.com.tw.
2018-01-25 19:08:39,630 - INFO - There has 8 employees in 湖口成功加盟店.
2018-01-25 19:08:40,068 - INFO - Start parse http://H208.century21.com.tw.
2018-01-25 19:08:40,083 - INFO - There has 8 employees in 金門金城加盟店.
2018-01-25 19:08:40,654 - INFO - Start parse http://I096.century21.com.tw.
2018-01-25 19:08:40,673 - INFO - There has 10 employees in 青埔捷運加盟店.
2018-01-25 19:08:40,942 - INFO - Start parse http://N084.century21.com.tw.
2018-01-25 19:08:40,960 - INFO - There has 10 employees in 岡山站前加盟店.
2018-01-25 19:08:41,561 - INFO - Start parse http://I059.century21.com.tw.
2018-01-25 19:08:41,580 - INFO - There has 11 employees in 青埔站前加盟店.
2018-01-25 19:08:42,265 - INFO - Start parse http://H121.century21.com.tw.
2018-01-25 19:08:42,281 - INFO - There has 6 employees in 敦北八德加盟店.
2018-01-25 19:08:42,766 - INFO - Start parse http://J279.century21.com.tw.
2018-01-25 19:08:42,807 - INFO - There has 9 employees in 新莊親水公園加盟店.
2018-01-25 19:08:43,074 - INFO - Start parse http://J280.century21.com.tw.
2018-01-25 19:08:43,086 - INFO - There has 3 employees in 三重集賢重劃加盟店.
2018-01-25 19:08:43,234 - INFO - Start parse http://J147.century21.com.tw.
2018-01-25 19:08:43,263 - INFO - There has 20 employees in 捷運永安加盟店.
2018-01-25 19:08:43,890 - INFO - Start parse http://N019.century21.com.tw.
2018-01-25 19:08:43,915 - INFO - There has 20 employees in 五甲瑞隆加盟店.
2018-01-25 19:08:44,889 - INFO - Start parse http://I077.century21.com.tw.
2018-01-25 19:08:44,901 - INFO - There has 1 employees in 龜山萬壽加盟店.
2018-01-25 19:08:45,085 - INFO - Start parse http://J302.century21.com.tw.
2018-01-25 19:08:45,102 - INFO - There has 8 employees in 三重三和加盟店.
2018-01-25 19:08:45,277 - INFO - Start parse http://I113.century21.com.tw.
2018-01-25 19:08:45,296 - INFO - There has 12 employees in 新竹園區加盟店.
2018-01-25 19:08:46,096 - INFO - Start parse http://I085.century21.com.tw.
2018-01-25 19:08:46,110 - INFO - There has 6 employees in 中壢民權加盟店.
2018-01-25 19:08:46,483 - INFO - Start parse http://K069.century21.com.tw.
2018-01-25 19:08:46,506 - INFO - There has 20 employees in 台中七期河南加盟店.
2018-01-25 19:08:47,701 - INFO - Start parse http://J147.century21.com.tw.
2018-01-25 19:08:47,727 - INFO - There has 20 employees in 捷運永安加盟店.
2018-01-25 19:08:48,153 - INFO - Start parse http://J028.century21.com.tw.
2018-01-25 19:08:48,177 - INFO - There has 10 employees in 新莊幸福加盟店.
2018-01-25 19:08:48,386 - INFO - Start parse http://K052.century21.com.tw.
2018-01-25 19:08:48,401 - INFO - There has 4 employees in 台中崇德加盟店.
2018-01-25 19:08:48,637 - INFO - Start parse http://J250.century21.com.tw.
2018-01-25 19:08:48,666 - INFO - There has 15 employees in 三峽北大大義加盟店.
2018-01-25 19:08:49,357 - INFO - Start parse http://I040.century21.com.tw.
2018-01-25 19:08:49,373 - INFO - There has 6 employees in 竹北台大加盟店.
2018-01-25 19:08:49,786 - INFO - Start parse http://N019.century21.com.tw.
2018-01-25 19:08:49,815 - INFO - There has 20 employees in 五甲瑞隆加盟店.
2018-01-25 19:08:50,329 - INFO - Start parse http://J282.century21.com.tw.
2018-01-25 19:08:50,358 - INFO - There has 11 employees in 三重領袖加盟店.
2018-01-25 19:08:51,121 - INFO - Start parse http://K096.century21.com.tw.
2018-01-25 19:08:51,135 - INFO - There has 6 employees in 彰化和美彰美加盟店.
2018-01-25 19:08:51,254 - INFO - Start parse http://K075.century21.com.tw.
2018-01-25 19:08:51,271 - INFO - There has 8 employees in 北屯太原加盟店.
2018-01-25 19:08:51,435 - INFO - Start parse http://H044.century21.com.tw.
2018-01-25 19:08:51,456 - INFO - There has 20 employees in 台北龍江加盟店.
2018-01-25 19:08:52,336 - INFO - Start parse http://J278.century21.com.tw.
2018-01-25 19:08:52,348 - INFO - There has 0 employees in 新店安祥加盟店.
2018-01-25 19:08:52,444 - INFO - Start parse http://H193.century21.com.tw.
2018-01-25 19:08:52,472 - INFO - There has 20 employees in 台北承德加盟店.
2018-01-25 19:08:52,963 - INFO - Start parse http://K010.century21.com.tw.
2018-01-25 19:08:52,986 - INFO - There has 16 employees in 台中大墩加盟店.
2018-01-25 19:08:53,814 - INFO - Start parse http://I077.century21.com.tw.
2018-01-25 19:08:53,826 - INFO - There has 1 employees in 龜山萬壽加盟店.
2018-01-25 19:08:53,898 - INFO - Start parse http://I032.century21.com.tw.
2018-01-25 19:08:53,916 - INFO - There has 9 employees in 南崁忠孝加盟店.
2018-01-25 19:08:54,365 - INFO - Start parse http://J300.century21.com.tw.
2018-01-25 19:08:54,393 - INFO - There has 5 employees in 基隆仁愛加盟店.
2018-01-25 19:08:54,693 - INFO - Start parse http://K098.century21.com.tw.
2018-01-25 19:08:54,723 - INFO - There has 18 employees in 七期大都會加盟店.
2018-01-25 19:08:56,174 - INFO - Start parse http://K015.century21.com.tw.
2018-01-25 19:08:56,261 - INFO - There has 16 employees in 七期惠中加盟店.
2018-01-25 19:08:59,049 - INFO - Start parse http://N075.century21.com.tw.
2018-01-25 19:08:59,077 - INFO - There has 20 employees in 高雄大學加盟店.
2018-01-25 19:08:59,868 - INFO - Start parse http://J312.century21.com.tw.
2018-01-25 19:08:59,881 - INFO - There has 6 employees in 羅東興東加盟店.
2018-01-25 19:09:00,516 - INFO - Start parse http://J313.century21.com.tw.
2018-01-25 19:09:00,534 - INFO - There has 9 employees in 宜蘭公園加盟店.
2018-01-25 19:09:01,097 - INFO - Start parse http://I107.century21.com.tw.
2018-01-25 19:09:01,137 - INFO - There has 20 employees in 青埔棒球場加盟店.
2018-01-25 19:09:01,979 - INFO - Start parse http://K065.century21.com.tw.
2018-01-25 19:09:01,995 - INFO - There has 6 employees in 七期朝富加盟店.
2018-01-25 19:09:02,287 - INFO - Start parse http://K111.century21.com.tw.
2018-01-25 19:09:02,301 - INFO - There has 6 employees in 中科福康加盟店.
2018-01-25 19:09:03,125 - INFO - Start parse http://H225.century21.com.tw.
2018-01-25 19:09:03,143 - INFO - There has 6 employees in 南港經貿加盟店.
2018-01-25 19:09:03,382 - INFO - Start parse http://J303.century21.com.tw.
2018-01-25 19:09:03,399 - INFO - There has 4 employees in 泰山十八甲加盟店.
2018-01-25 19:09:03,611 - INFO - Start parse http://I110.century21.com.tw.
2018-01-25 19:09:03,632 - INFO - There has 11 employees in 中大壢中加盟店.
2018-01-25 19:09:04,743 - INFO - Start parse http://K083.century21.com.tw.
2018-01-25 19:09:04,761 - INFO - There has 11 employees in 中科特三加盟店.
2018-01-25 19:09:05,360 - INFO - Start parse http://N081.century21.com.tw.
2018-01-25 19:09:05,380 - INFO - There has 9 employees in 楠梓都會公園加盟店.
2018-01-25 19:09:05,977 - INFO - Start parse http://J306.century21.com.tw.
2018-01-25 19:09:06,001 - INFO - There has 20 employees in 林口三井加盟店.
2018-01-25 19:09:06,953 - INFO - Start parse http://I101.century21.com.tw.
2018-01-25 19:09:06,973 - INFO - There has 11 employees in 大溪埔頂加盟店.
2018-01-25 19:09:07,451 - INFO - Start parse http://N061.century21.com.tw.
2018-01-25 19:09:07,466 - INFO - There has 6 employees in 屏東建國加盟店.
2018-01-25 19:09:08,140 - INFO - Start parse http://K038.century21.com.tw.
2018-01-25 19:09:08,160 - INFO - There has 6 employees in 鹿港中正加盟店.
2018-01-25 19:09:08,534 - INFO - Start parse http://H156.century21.com.tw.
2018-01-25 19:09:08,544 - INFO - There has 0 employees in 天母芝山加盟店.
2018-01-25 19:09:08,616 - INFO - Start parse http://J216.century21.com.tw.
2018-01-25 19:09:08,635 - INFO - There has 10 employees in 林口捷運站前加盟店.
2018-01-25 19:09:09,697 - INFO - Start parse http://M028.century21.com.tw.
2018-01-25 19:09:09,718 - INFO - There has 14 employees in 台南東寧加盟店.
2018-01-25 19:09:11,241 - INFO - Start parse http://J307.century21.com.tw.
2018-01-25 19:09:11,359 - INFO - There has 12 employees in 永和頂溪加盟店.
2018-01-25 19:09:12,337 - INFO - Start parse http://K110.century21.com.tw.
2018-01-25 19:09:12,362 - INFO - There has 12 employees in 台中中科加盟店.
2018-01-25 19:09:13,421 - INFO - Start parse http://H235.century21.com.tw.
2018-01-25 19:09:13,446 - INFO - There has 19 employees in 萬華萬大加盟店.
2018-01-25 19:09:15,119 - INFO - Start parse http://K116.century21.com.tw.
2018-01-25 19:09:15,135 - INFO - There has 10 employees in 霧峰大同加盟店.
2018-01-25 19:09:16,592 - INFO - Start parse http://H223.century21.com.tw.
2018-01-25 19:09:16,631 - INFO - There has 20 employees in 天母三越加盟店.
2018-01-25 19:09:18,003 - INFO - Start parse http://H216.century21.com.tw.
2018-01-25 19:09:18,035 - INFO - There has 17 employees in 松江南京加盟店.
2018-01-25 19:09:20,020 - INFO - Start parse http://J303.century21.com.tw.
2018-01-25 19:09:20,035 - INFO - There has 4 employees in 泰山十八甲加盟店.
2018-01-25 19:09:20,411 - INFO - Start parse http://M028.century21.com.tw.
2018-01-25 19:09:20,459 - INFO - There has 14 employees in 台南東寧加盟店.
2018-01-25 19:09:21,636 - INFO - Start parse http://N083.century21.com.tw.
2018-01-25 19:09:21,654 - INFO - There has 10 employees in 屏東文化中心加盟店.
2018-01-25 19:09:22,642 - INFO - Start parse http://M035.century21.com.tw.
2018-01-25 19:09:22,660 - INFO - There has 11 employees in 成大林森加盟店.
2018-01-25 19:09:24,626 - INFO - Start parse http://H241.century21.com.tw.
2018-01-25 19:09:24,639 - INFO - There has 4 employees in 台北南門加盟店.
2018-01-25 19:09:24,837 - INFO - Start parse http://J315.century21.com.tw.
2018-01-25 19:09:24,852 - INFO - There has 8 employees in 羅東光榮加盟店.
2018-01-25 19:09:25,278 - INFO - Start parse http://N061.century21.com.tw.
2018-01-25 19:09:25,292 - INFO - There has 6 employees in 屏東建國加盟店.
2018-01-25 19:09:25,446 - INFO - Start parse http://K065.century21.com.tw.
2018-01-25 19:09:25,460 - INFO - There has 6 employees in 七期朝富加盟店.
2018-01-25 19:09:25,664 - INFO - Start parse http://I110.century21.com.tw.
2018-01-25 19:09:25,682 - INFO - There has 11 employees in 中大壢中加盟店.
2018-01-25 19:09:25,978 - INFO - Start parse http://K105.century21.com.tw.
2018-01-25 19:09:25,999 - INFO - There has 12 employees in 東區精英加盟店.
2018-01-25 19:09:26,723 - INFO - Start parse http://H244.century21.com.tw.
2018-01-25 19:09:26,752 - INFO - There has 20 employees in 天母克強加盟店.
2018-01-25 19:09:29,119 - INFO - Start parse http://I088.century21.com.tw.
2018-01-25 19:09:29,147 - INFO - There has 20 employees in 中壢中原加盟店.
2018-01-25 19:09:31,818 - INFO - Start parse http://I115.century21.com.tw.
2018-01-25 19:09:31,840 - INFO - There has 12 employees in 楊梅中山加盟店.
2018-01-25 19:09:33,458 - INFO - Start parse http://K038.century21.com.tw.
2018-01-25 19:09:33,473 - INFO - There has 6 employees in 鹿港中正加盟店.
2018-01-25 19:09:34,010 - INFO - Start parse http://J323.century21.com.tw.
2018-01-25 19:09:34,024 - INFO - There has 4 employees in 淡金加盟店.
2018-01-25 19:09:34,437 - INFO - Start parse http://K065.century21.com.tw.
2018-01-25 19:09:34,453 - INFO - There has 6 employees in 七期朝富加盟店.
2018-01-25 19:09:34,663 - INFO - Start parse http://J305.century21.com.tw.
2018-01-25 19:09:34,684 - INFO - There has 13 employees in 宜蘭東區加盟店.
2018-01-25 19:09:36,450 - INFO - Start parse http://J309.century21.com.tw.
2018-01-25 19:09:36,470 - INFO - There has 10 employees in 基隆新豐加盟店.
2018-01-25 19:09:37,992 - INFO - Start parse http://N070.century21.com.tw.
2018-01-25 19:09:38,021 - INFO - There has 18 employees in 花蓮商校加盟店.
2018-01-25 19:09:39,465 - INFO - Start parse http://N067.century21.com.tw.
2018-01-25 19:09:39,487 - INFO - There has 13 employees in 花蓮中華加盟店.
2018-01-25 19:09:40,585 - INFO - Start parse http://J316.century21.com.tw.
2018-01-25 19:09:40,602 - INFO - There has 9 employees in 礁溪加盟店.
2018-01-25 19:09:41,180 - INFO - Start parse http://M035.century21.com.tw.
2018-01-25 19:09:41,201 - INFO - There has 11 employees in 成大林森加盟店.
2018-01-25 19:09:41,927 - INFO - Start parse http://I088.century21.com.tw.
2018-01-25 19:09:41,953 - INFO - There has 20 employees in 中壢中原加盟店.
2018-01-25 19:09:43,260 - INFO - Start parse http://M036.century21.com.tw.
2018-01-25 19:09:43,271 - INFO - There has 2 employees in 虎尾虎中加盟店.
2018-01-25 19:09:43,607 - INFO - Start parse http://K109.century21.com.tw.
2018-01-25 19:09:43,628 - INFO - There has 12 employees in 太平樹德加盟店.
2018-01-25 19:09:44,307 - INFO - Start parse http://N078.century21.com.tw.
2018-01-25 19:09:44,320 - INFO - There has 5 employees in 屏東復興加盟店.
2018-01-25 19:09:44,553 - INFO - Start parse http://K095.century21.com.tw.
2018-01-25 19:09:44,581 - INFO - There has 20 employees in 逢甲福星加盟店.
2018-01-25 19:09:45,473 - INFO - Start parse http://N056.century21.com.tw.
2018-01-25 19:09:45,507 - INFO - There has 14 employees in 台東中華加盟店.
2018-01-25 19:09:46,173 - INFO - Start parse http://J223.century21.com.tw.
2018-01-25 19:09:46,196 - INFO - There has 20 employees in 板橋特區加盟店.
2018-01-25 19:09:46,921 - INFO - Start parse http://J304.century21.com.tw.
2018-01-25 19:09:46,938 - INFO - There has 7 employees in 基隆深溪加盟店.
2018-01-25 19:09:47,293 - INFO - Start parse http://K112.century21.com.tw.
2018-01-25 19:09:47,316 - INFO - There has 1 employees in 彰化溪湖加盟店.
2018-01-25 19:09:47,440 - INFO - Start parse http://N064.century21.com.tw.
2018-01-25 19:09:47,462 - INFO - There has 16 employees in 台東傳廣加盟店.
2018-01-25 19:09:48,132 - INFO - Start parse http://M040.century21.com.tw.
2018-01-25 19:09:48,161 - INFO - There has 3 employees in 東門文化加盟店.
2018-01-25 19:09:48,651 - INFO - Start parse http://H243.century21.com.tw.
2018-01-25 19:09:48,665 - INFO - There has 5 employees in 內湖明湖加盟店.
2018-01-25 19:09:49,199 - INFO - Start parse http://I098.century21.com.tw.
2018-01-25 19:09:49,218 - INFO - There has 10 employees in 新竹龍山國小加盟店.
2018-01-25 19:09:49,746 - INFO - Start parse http://N078.century21.com.tw.
2018-01-25 19:09:49,759 - INFO - There has 5 employees in 屏東復興加盟店.
2018-01-25 19:09:50,431 - INFO - Start parse http://K115.century21.com.tw.
2018-01-25 19:09:50,480 - INFO - There has 20 employees in 河南福星加盟店.
2018-01-25 19:09:51,115 - INFO - Start parse http://K114.century21.com.tw.
2018-01-25 19:09:51,125 - INFO - There has 2 employees in 市政華盛頓加盟店.
2018-01-25 19:09:51,669 - INFO - Start parse http://M039.century21.com.tw.
2018-01-25 19:09:51,684 - INFO - There has 7 employees in 德高國小加盟店.
2018-01-25 19:09:52,096 - INFO - Start parse http://I098.century21.com.tw.
2018-01-25 19:09:52,115 - INFO - There has 10 employees in 新竹龍山國小加盟店.
2018-01-25 19:09:52,414 - INFO - Start parse http://H243.century21.com.tw.
2018-01-25 19:09:52,430 - INFO - There has 5 employees in 內湖明湖加盟店.
2018-01-25 19:09:52,546 - INFO - Start parse http://H242.century21.com.tw.
2018-01-25 19:09:52,565 - INFO - There has 15 employees in 台北復興加盟店.
2018-01-25 19:09:53,678 - INFO - Start parse http://K112.century21.com.tw.
2018-01-25 19:09:53,689 - INFO - There has 1 employees in 彰化溪湖加盟店.
2018-01-25 19:09:53,820 - INFO - Start parse http://J223.century21.com.tw.
2018-01-25 19:09:53,843 - INFO - There has 20 employees in 板橋特區加盟店.
2018-01-25 19:09:54,141 - INFO - Start parse http://M038.century21.com.tw.
2018-01-25 19:09:54,154 - INFO - There has 5 employees in 嘉義世賢加盟店.
2018-01-25 19:09:54,348 - INFO - Start parse http://I116.century21.com.tw.
2018-01-25 19:09:54,360 - INFO - There has 3 employees in 八德金和加盟店.
2018-01-25 19:09:54,495 - INFO - Start parse http://K109.century21.com.tw.
2018-01-25 19:09:54,517 - INFO - There has 12 employees in 太平樹德加盟店.
2018-01-25 19:09:54,866 - INFO - Start parse http://N064.century21.com.tw.
2018-01-25 19:09:54,890 - INFO - There has 16 employees in 台東傳廣加盟店.
2018-01-25 19:09:55,625 - INFO - Start parse http://K113.century21.com.tw.
2018-01-25 19:09:55,646 - INFO - There has 10 employees in 逢甲寶慶加盟店.
2018-01-25 19:09:56,732 - INFO - Start parse http://I090.century21.com.tw.
2018-01-25 19:09:56,755 - INFO - There has 17 employees in 大園大江加盟店.
2018-01-25 19:09:57,376 - INFO - Start parse http://N056.century21.com.tw.
2018-01-25 19:09:57,397 - INFO - There has 14 employees in 台東中華加盟店.
2018-01-25 19:09:57,607 - INFO - Start parse http://M040.century21.com.tw.
2018-01-25 19:09:57,620 - INFO - There has 3 employees in 東門文化加盟店.
2018-01-25 19:09:57,973 - INFO - Start parse http://K106.century21.com.tw.
2018-01-25 19:09:57,994 - INFO - There has 12 employees in 太平樹孝加盟店.
